Request #1 GET /person Accept: APPLICATION/XML Content-Type: APPLICATION/XML 
=> Result: OK 
=> HTTP Status: 200

<?xml version="1.0" encoding="UTF-8"?><people>
  <person>
    <idPerson>1</idPerson>
    <lastname>Stuart</lastname>
    <healthProfile>
      <lifeStatus>
        <createdDate>2015/11/17</createdDate>
        <mid>1755</mid>
        <MeasureType>weight</MeasureType>
        <value>99</value>
      </lifeStatus>
      <lifeStatus>
        <mid>1754</mid>
        <MeasureType>height</MeasureType>
        <value>160</value>
      </lifeStatus>
    </healthProfile>
    <firstname>Damiano</firstname>
  </person>
  <person>
    <birthdate>1978-09-01T22:00:00Z</birthdate>
    <idPerson>2</idPerson>
    <lastname>Tralalala</lastname>
    <healthProfile>
      <lifeStatus>
        <mid>502</mid>
        <MeasureType>weight</MeasureType>
        <value>85</value>
      </lifeStatus>
      <lifeStatus>
        <mid>552</mid>
        <MeasureType>height</MeasureType>
        <value>85</value>
      </lifeStatus>
    </healthProfile>
    <firstname>Chuck</firstname>
  </person>
  <person>
    <birthdate>1978-09-01T22:00:00Z</birthdate>
    <idPerson>3</idPerson>
    <lastname>Pippo</lastname>
    <healthProfile/>
    <firstname>Pappo</firstname>
  </person>
  <person>
    <birthdate>1991-06-20T22:00:00Z</birthdate>
    <idPerson>2703</idPerson>
    <lastname>Tralala</lastname>
    <healthProfile/>
    <firstname>New</firstname>
  </person>
  <person>
    <birthdate>1978-09-01T22:00:00Z</birthdate>
    <idPerson>2753</idPerson>
    <lastname>The Little</lastname>
    <healthProfile/>
    <firstname>Stuart</firstname>
  </person>
  <person>
    <birthdate>1978-09-01T22:00:00Z</birthdate>
    <idPerson>2754</idPerson>
    <lastname>Chan</lastname>
    <healthProfile/>
    <firstname>Jecky</firstname>
  </person>
  <person>
    <birthdate>1978-09-01T22:00:00Z</birthdate>
    <idPerson>2804</idPerson>
    <lastname>Tieta</lastname>
    <healthProfile/>
    <firstname>Aboboda</firstname>
  </person>
  <person>
    <birthdate>1978-09-01T22:00:00Z</birthdate>
    <idPerson>2854</idPerson>
    <lastname>Tieta</lastname>
    <healthProfile/>
    <firstname>Aboboda</firstname>
  </person>
  <person>
    <birthdate>1978-09-01T22:00:00Z</birthdate>
    <idPerson>2855</idPerson>
    <lastname>Chhahahaan</lastname>
    <healthProfile/>
    <firstname>Jecky</firstname>
  </person>
  <person>
    <birthdate>1978-09-01T22:00:00Z</birthdate>
    <idPerson>2954</idPerson>
    <lastname>Chan</lastname>
    <healthProfile/>
    <firstname>ueaheuah</firstname>
  </person>
  <person>
    <birthdate>1978-09-01T22:00:00Z</birthdate>
    <idPerson>3004</idPerson>
    <lastname>Chan</lastname>
    <healthProfile/>
    <firstname>ueaheuah</firstname>
  </person>
  <person>
    <birthdate>1978-09-01T22:00:00Z</birthdate>
    <idPerson>3005</idPerson>
    <lastname>Chan</lastname>
    <healthProfile/>
    <firstname>ueaheuah</firstname>
  </person>
  <person>
    <birthdate>1978-09-01T22:00:00Z</birthdate>
    <idPerson>3054</idPerson>
    <lastname>Chan</lastname>
    <healthProfile/>
    <firstname>ueaheuah</firstname>
  </person>
  <person>
    <birthdate>1978-09-01T22:00:00Z</birthdate>
    <idPerson>3107</idPerson>
    <lastname>Chan</lastname>
    <healthProfile/>
    <firstname>ueaheuah</firstname>
  </person>
  <person>
    <birthdate>1978-09-01T22:00:00Z</birthdate>
    <idPerson>3108</idPerson>
    <lastname>Chan</lastname>
    <healthProfile/>
    <firstname>ueaheuah</firstname>
  </person>
  <person>
    <birthdate>1978-09-01T22:00:00Z</birthdate>
    <idPerson>3154</idPerson>
    <lastname>Chan</lastname>
    <healthProfile/>
    <firstname>ueaheuah</firstname>
  </person>
  <person>
    <birthdate>1978-09-01T22:00:00Z</birthdate>
    <idPerson>3204</idPerson>
    <lastname>Chan</lastname>
    <healthProfile/>
    <firstname>ueaheuah</firstname>
  </person>
  <person>
    <birthdate>1978-09-01T22:00:00Z</birthdate>
    <idPerson>3254</idPerson>
    <lastname>Chan</lastname>
    <healthProfile/>
    <firstname>ueaheuah</firstname>
  </person>
  <person>
    <birthdate>1978-09-01T22:00:00Z</birthdate>
    <idPerson>3304</idPerson>
    <lastname>Chan</lastname>
    <healthProfile/>
    <firstname>ueaheuah</firstname>
  </person>
  <person>
    <birthdate>1978-09-01T22:00:00Z</birthdate>
    <idPerson>3305</idPerson>
    <lastname>Chan</lastname>
    <healthProfile/>
    <firstname>ueaheuah</firstname>
  </person>
  <person>
    <birthdate>1978-09-01T22:00:00Z</birthdate>
    <idPerson>3354</idPerson>
    <lastname>Chan</lastname>
    <healthProfile/>
    <firstname>ueaheuah</firstname>
  </person>
  <person>
    <birthdate>1978-09-01T22:00:00Z</birthdate>
    <idPerson>3355</idPerson>
    <lastname>Chan</lastname>
    <healthProfile/>
    <firstname>ueaheuah</firstname>
  </person>
  <person>
    <birthdate>1978-09-01T22:00:00Z</birthdate>
    <idPerson>3404</idPerson>
    <lastname>Chan</lastname>
    <healthProfile/>
    <firstname>ueaheuah</firstname>
  </person>
  <person>
    <birthdate>1978-09-01T22:00:00Z</birthdate>
    <idPerson>3405</idPerson>
    <lastname>Chan</lastname>
    <healthProfile/>
    <firstname>ueaheuah</firstname>
  </person>
  <person>
    <birthdate>1978-09-01T22:00:00Z</birthdate>
    <idPerson>3454</idPerson>
    <lastname>Chan</lastname>
    <healthProfile/>
    <firstname>ueaheuah</firstname>
  </person>
  <person>
    <birthdate>1978-09-01T22:00:00Z</birthdate>
    <idPerson>3455</idPerson>
    <lastname>Chan</lastname>
    <healthProfile/>
    <firstname>ueaheuah</firstname>
  </person>
  <person>
    <birthdate>1978-09-01T22:00:00Z</birthdate>
    <idPerson>3504</idPerson>
    <lastname>Chan</lastname>
    <healthProfile/>
    <firstname>ueaheuah</firstname>
  </person>
  <person>
    <birthdate>1978-09-01T22:00:00Z</birthdate>
    <idPerson>3505</idPerson>
    <lastname>Chan</lastname>
    <healthProfile/>
    <firstname>ueaheuah</firstname>
  </person>
  <person>
    <birthdate>1978-09-01T22:00:00Z</birthdate>
    <idPerson>3554</idPerson>
    <lastname>Chan</lastname>
    <healthProfile/>
    <firstname>ueaheuah</firstname>
  </person>
  <person>
    <birthdate>1978-09-01T22:00:00Z</birthdate>
    <idPerson>3604</idPerson>
    <lastname>Chan</lastname>
    <healthProfile/>
    <firstname>ueaheuah</firstname>
  </person>
  <person>
    <birthdate>1978-09-01T22:00:00Z</birthdate>
    <idPerson>3654</idPerson>
    <lastname>Chan</lastname>
    <healthProfile/>
    <firstname>ueaheuah</firstname>
  </person>
  <person>
    <birthdate>1978-09-01T22:00:00Z</birthdate>
    <idPerson>3704</idPerson>
    <lastname>Chan</lastname>
    <healthProfile/>
    <firstname>ueaheuah</firstname>
  </person>
  <person>
    <birthdate>1978-09-01T22:00:00Z</birthdate>
    <idPerson>3754</idPerson>
    <lastname>Chan</lastname>
    <healthProfile/>
    <firstname>ueaheuah</firstname>
  </person>
  <person>
    <birthdate>1978-09-01T22:00:00Z</birthdate>
    <idPerson>3755</idPerson>
    <lastname>Chan</lastname>
    <healthProfile/>
    <firstname>ueaheuah</firstname>
  </person>
  <person>
    <birthdate>1978-09-01T22:00:00Z</birthdate>
    <idPerson>3904</idPerson>
    <lastname>Chan</lastname>
    <healthProfile/>
    <firstname>ueaheuah</firstname>
  </person>
  <person>
    <birthdate>1978-09-01T22:00:00Z</birthdate>
    <idPerson>3905</idPerson>
    <lastname>Chan</lastname>
    <healthProfile/>
    <firstname>ueaheuah</firstname>
  </person>
  <person>
    <birthdate>1978-09-01T22:00:00Z</birthdate>
    <idPerson>4004</idPerson>
    <lastname>Chan</lastname>
    <healthProfile/>
    <firstname>ueaheuah</firstname>
  </person>
  <person>
    <birthdate>1978-09-01T22:00:00Z</birthdate>
    <idPerson>4054</idPerson>
    <lastname>Chan</lastname>
    <healthProfile/>
    <firstname>ueaheuah</firstname>
  </person>
  <person>
    <birthdate>1978-09-01T22:00:00Z</birthdate>
    <idPerson>4104</idPerson>
    <lastname>Chan</lastname>
    <healthProfile/>
    <firstname>ueaheuah</firstname>
  </person>
  <person>
    <birthdate>1978-09-01T22:00:00Z</birthdate>
    <idPerson>4154</idPerson>
    <lastname>Chan</lastname>
    <healthProfile>
      <lifeStatus>
        <mid>1602</mid>
        <MeasureType>weight</MeasureType>
        <value>72.3</value>
      </lifeStatus>
      <lifeStatus>
        <mid>1603</mid>
        <MeasureType>height</MeasureType>
        <value>9</value>
      </lifeStatus>
    </healthProfile>
    <firstname>ueaheuah</firstname>
  </person>
  <person>
    <birthdate>1978-09-01T22:00:00Z</birthdate>
    <idPerson>4155</idPerson>
    <lastname>Chan</lastname>
    <healthProfile>
      <lifeStatus>
        <mid>1604</mid>
        <MeasureType>weight</MeasureType>
        <value>72.3</value>
      </lifeStatus>
      <lifeStatus>
        <mid>1605</mid>
        <MeasureType>height</MeasureType>
        <value>9</value>
      </lifeStatus>
    </healthProfile>
    <firstname>ueaheuah</firstname>
  </person>
  <person>
    <birthdate>1978-09-01T22:00:00Z</birthdate>
    <idPerson>4204</idPerson>
    <lastname>Chan</lastname>
    <healthProfile/>
    <firstname>Jeckie</firstname>
  </person>
  <person>
    <birthdate>1944-12-31T23:00:00Z</birthdate>
    <idPerson>4254</idPerson>
    <lastname>sobrenome do cabra</lastname>
    <healthProfile/>
    <firstname>nome do cabra</firstname>
  </person>
  <person>
    <birthdate>1944-12-31T23:00:00Z</birthdate>
    <idPerson>4304</idPerson>
    <lastname>sobrenome do cabra</lastname>
    <healthProfile/>
    <firstname>nome do cabra</firstname>
  </person>
  <person>
    <birthdate>1944-12-31T23:00:00Z</birthdate>
    <idPerson>4305</idPerson>
    <lastname>sobrenome do cabra</lastname>
    <healthProfile/>
    <firstname>nome do cabra</firstname>
  </person>
  <person>
    <birthdate>1944-12-31T23:00:00Z</birthdate>
    <idPerson>4354</idPerson>
    <lastname>sobrenome do cabra</lastname>
    <healthProfile/>
    <firstname>nome do cabra</firstname>
  </person>
  <person>
    <birthdate>1944-12-31T23:00:00Z</birthdate>
    <idPerson>4404</idPerson>
    <lastname>sobrenome do cabra</lastname>
    <healthProfile/>
    <firstname>nome do cabra</firstname>
  </person>
  <person>
    <birthdate>1944-12-31T23:00:00Z</birthdate>
    <idPerson>4405</idPerson>
    <lastname>sobrenome do cabra</lastname>
    <healthProfile/>
    <firstname>nome do cabra</firstname>
  </person>
  <person>
    <birthdate>1944-12-31T23:00:00Z</birthdate>
    <idPerson>4406</idPerson>
    <lastname>sobrenome do cabra</lastname>
    <healthProfile/>
    <firstname>nome do cabra</firstname>
  </person>
  <person>
    <birthdate>1944-12-31T23:00:00Z</birthdate>
    <idPerson>4454</idPerson>
    <lastname>sobrenome do cabra</lastname>
    <healthProfile/>
    <firstname>nome do cabra</firstname>
  </person>
  <person>
    <birthdate>1944-12-31T23:00:00Z</birthdate>
    <idPerson>4504</idPerson>
    <lastname>sobrenome do cabra</lastname>
    <healthProfile/>
    <firstname>nome do cabra</firstname>
  </person>
  <person>
    <birthdate>1944-12-31T23:00:00Z</birthdate>
    <idPerson>4505</idPerson>
    <lastname>sobrenome do cabra</lastname>
    <healthProfile/>
    <firstname>nome do cabra</firstname>
  </person>
  <person>
    <birthdate>1944-12-31T23:00:00Z</birthdate>
    <idPerson>4554</idPerson>
    <lastname>sobrenome do cabra</lastname>
    <healthProfile/>
    <firstname>nome do cabra</firstname>
  </person>
  <person>
    <birthdate>1944-12-31T23:00:00Z</birthdate>
    <idPerson>4604</idPerson>
    <lastname>sobrenome do cabra</lastname>
    <healthProfile/>
    <firstname>nome do cabra</firstname>
  </person>
  <person>
    <birthdate>1944-12-31T23:00:00Z</birthdate>
    <idPerson>4605</idPerson>
    <lastname>sobrenome do cabra</lastname>
    <healthProfile/>
    <firstname>nome do cabra</firstname>
  </person>
  <person>
    <birthdate>1944-12-31T23:00:00Z</birthdate>
    <idPerson>4606</idPerson>
    <lastname>sobrenome do cabra</lastname>
    <healthProfile/>
    <firstname>nome do cabra</firstname>
  </person>
  <person>
    <birthdate>1944-12-31T23:00:00Z</birthdate>
    <idPerson>4654</idPerson>
    <lastname>sobrenome do cabra</lastname>
    <healthProfile/>
    <firstname>nome do cabra</firstname>
  </person>
  <person>
    <birthdate>1944-12-31T23:00:00Z</birthdate>
    <idPerson>4655</idPerson>
    <lastname>sobrenome do cabra</lastname>
    <healthProfile/>
    <firstname>nome do cabra</firstname>
  </person>
  <person>
    <birthdate>1944-12-31T23:00:00Z</birthdate>
    <idPerson>4704</idPerson>
    <lastname>sobrenome do cabra</lastname>
    <healthProfile/>
    <firstname>nome do cabra</firstname>
  </person>
  <person>
    <birthdate>1944-12-31T23:00:00Z</birthdate>
    <idPerson>4705</idPerson>
    <lastname>sobrenome do cabra</lastname>
    <healthProfile/>
    <firstname>nome do cabra</firstname>
  </person>
  <person>
    <birthdate>1944-12-31T23:00:00Z</birthdate>
    <idPerson>4754</idPerson>
    <lastname>sobrenome do cabra</lastname>
    <healthProfile/>
    <firstname>nome do cabra</firstname>
  </person>
  <person>
    <birthdate>1944-12-31T23:00:00Z</birthdate>
    <idPerson>4755</idPerson>
    <lastname>sobrenome do cabra</lastname>
    <healthProfile/>
    <firstname>nome do cabra</firstname>
  </person>
  <person>
    <birthdate>1944-12-31T23:00:00Z</birthdate>
    <idPerson>4804</idPerson>
    <lastname>sobrenome do cabra</lastname>
    <healthProfile/>
    <firstname>nome do cabra</firstname>
  </person>
  <person>
    <birthdate>1944-12-31T23:00:00Z</birthdate>
    <idPerson>4805</idPerson>
    <lastname>sobrenome do cabra</lastname>
    <healthProfile/>
    <firstname>nome do cabra</firstname>
  </person>
  <person>
    <birthdate>1944-12-31T23:00:00Z</birthdate>
    <idPerson>4854</idPerson>
    <lastname>sobrenome do cabra</lastname>
    <healthProfile/>
    <firstname>nome do cabra</firstname>
  </person>
  <person>
    <birthdate>1944-12-31T23:00:00Z</birthdate>
    <idPerson>4904</idPerson>
    <lastname>sobrenome do cabra</lastname>
    <healthProfile/>
    <firstname>nome do cabra</firstname>
  </person>
  <person>
    <birthdate>1944-12-31T23:00:00Z</birthdate>
    <idPerson>4905</idPerson>
    <lastname>sobrenome do cabra</lastname>
    <healthProfile/>
    <firstname>nome do cabra</firstname>
  </person>
  <person>
    <birthdate>1944-12-31T23:00:00Z</birthdate>
    <idPerson>4954</idPerson>
    <lastname>sobrenome do cabra</lastname>
    <healthProfile/>
    <firstname>nome do cabra</firstname>
  </person>
  <person>
    <idPerson>4955</idPerson>
    <lastname>Stuart</lastname>
    <healthProfile/>
    <firstname>Carlos Jose</firstname>
  </person>
  <person>
    <idPerson>4956</idPerson>
    <lastname>Stuart</lastname>
    <healthProfile/>
    <firstname>Carlos Jose</firstname>
  </person>
  <person>
    <birthdate>1990-10-03T23:00:00Z</birthdate>
    <idPerson>5207</idPerson>
    <lastname>Stuart</lastname>
    <healthProfile>
      <lifeStatus>
        <createdDate>2015/11/19</createdDate>
        <mid>1805</mid>
        <MeasureType>weight</MeasureType>
        <value>99</value>
      </lifeStatus>
      <lifeStatus>
        <createdDate>2015/11/19</createdDate>
        <mid>1806</mid>
        <MeasureType>height</MeasureType>
        <value>160</value>
      </lifeStatus>
    </healthProfile>
    <firstname>Carlos Jose</firstname>
  </person>
  <person>
    <birthdate>1990-10-03T23:00:00Z</birthdate>
    <idPerson>5254</idPerson>
    <lastname>Stuart</lastname>
    <healthProfile>
      <lifeStatus>
        <createdDate>2015/11/19</createdDate>
        <mid>1855</mid>
        <MeasureType>weight</MeasureType>
        <value>99</value>
      </lifeStatus>
      <lifeStatus>
        <createdDate>2015/11/19</createdDate>
        <mid>1856</mid>
        <MeasureType>height</MeasureType>
        <value>160</value>
      </lifeStatus>
    </healthProfile>
    <firstname>Carlos Jose</firstname>
  </person>
  <person>
    <birthdate>1990-10-03T23:00:00Z</birthdate>
    <idPerson>5255</idPerson>
    <lastname>Stuart</lastname>
    <healthProfile>
      <lifeStatus>
        <createdDate>2015/11/19</createdDate>
        <mid>1857</mid>
        <MeasureType>weight</MeasureType>
        <value>99</value>
      </lifeStatus>
      <lifeStatus>
        <createdDate>2015/11/19</createdDate>
        <mid>1858</mid>
        <MeasureType>height</MeasureType>
        <value>160</value>
      </lifeStatus>
    </healthProfile>
    <firstname>Carlos Jose</firstname>
  </person>
  <person>
    <birthdate>1990-10-03T23:00:00Z</birthdate>
    <idPerson>5304</idPerson>
    <lastname>Stuart</lastname>
    <healthProfile>
      <lifeStatus>
        <createdDate>2015/11/19</createdDate>
        <mid>1905</mid>
        <MeasureType>weight</MeasureType>
        <value>99</value>
      </lifeStatus>
      <lifeStatus>
        <createdDate>2015/11/19</createdDate>
        <mid>1906</mid>
        <MeasureType>height</MeasureType>
        <value>160</value>
      </lifeStatus>
    </healthProfile>
    <firstname>Carlos Jose</firstname>
  </person>
  <person>
    <birthdate>1944-12-31T23:00:00Z</birthdate>
    <idPerson>5354</idPerson>
    <lastname>Norris</lastname>
    <healthProfile>
      <lifeStatus>
        <createdDate>2015/11/19</createdDate>
        <mid>1955</mid>
        <MeasureType>weight</MeasureType>
        <value>78.9</value>
      </lifeStatus>
      <lifeStatus>
        <createdDate>2015/11/19</createdDate>
        <mid>1956</mid>
        <MeasureType>height</MeasureType>
        <value>172</value>
      </lifeStatus>
    </healthProfile>
    <firstname>Chuck</firstname>
  </person>
  <person>
    <birthdate>1944-12-31T23:00:00Z</birthdate>
    <idPerson>5355</idPerson>
    <lastname>Norris</lastname>
    <healthProfile>
      <lifeStatus>
        <createdDate>2015/11/19</createdDate>
        <mid>1957</mid>
        <MeasureType>weight</MeasureType>
        <value>78.9</value>
      </lifeStatus>
      <lifeStatus>
        <createdDate>2015/11/19</createdDate>
        <mid>1958</mid>
        <MeasureType>height</MeasureType>
        <value>172</value>
      </lifeStatus>
    </healthProfile>
    <firstname>Chuck</firstname>
  </person>
  <person>
    <birthdate>1944-12-31T23:00:00Z</birthdate>
    <idPerson>5356</idPerson>
    <lastname>Norris</lastname>
    <healthProfile>
      <lifeStatus>
        <createdDate>2015/11/19</createdDate>
        <mid>1959</mid>
        <MeasureType>weight</MeasureType>
        <value>78.9</value>
      </lifeStatus>
      <lifeStatus>
        <createdDate>2015/11/19</createdDate>
        <mid>1960</mid>
        <MeasureType>height</MeasureType>
        <value>172</value>
      </lifeStatus>
    </healthProfile>
    <firstname>Chuck</firstname>
  </person>
  <person>
    <birthdate>1944-12-31T23:00:00Z</birthdate>
    <idPerson>5357</idPerson>
    <lastname>Norris</lastname>
    <healthProfile>
      <lifeStatus>
        <createdDate>2015/11/19</createdDate>
        <mid>1961</mid>
        <MeasureType>weight</MeasureType>
        <value>78.9</value>
      </lifeStatus>
      <lifeStatus>
        <createdDate>2015/11/19</createdDate>
        <mid>1962</mid>
        <MeasureType>height</MeasureType>
        <value>172</value>
      </lifeStatus>
    </healthProfile>
    <firstname>Chuck</firstname>
  </person>
  <person>
    <birthdate>1944-12-31T23:00:00Z</birthdate>
    <idPerson>5358</idPerson>
    <lastname>Norris</lastname>
    <healthProfile>
      <lifeStatus>
        <createdDate>2015/11/19</createdDate>
        <mid>1963</mid>
        <MeasureType>weight</MeasureType>
        <value>78.9</value>
      </lifeStatus>
      <lifeStatus>
        <createdDate>2015/11/19</createdDate>
        <mid>1964</mid>
        <MeasureType>height</MeasureType>
        <value>172</value>
      </lifeStatus>
    </healthProfile>
    <firstname>Chuck</firstname>
  </person>
  <person>
    <birthdate>1944-12-31T23:00:00Z</birthdate>
    <idPerson>5359</idPerson>
    <lastname>Norris</lastname>
    <healthProfile>
      <lifeStatus>
        <createdDate>2015/11/19</createdDate>
        <mid>1965</mid>
        <MeasureType>weight</MeasureType>
        <value>78.9</value>
      </lifeStatus>
      <lifeStatus>
        <createdDate>2015/11/19</createdDate>
        <mid>1966</mid>
        <MeasureType>height</MeasureType>
        <value>172</value>
      </lifeStatus>
    </healthProfile>
    <firstname>Chuck</firstname>
  </person>
  <person>
    <birthdate>1944-12-31T23:00:00Z</birthdate>
    <idPerson>5360</idPerson>
    <lastname>Norris</lastname>
    <healthProfile>
      <lifeStatus>
        <createdDate>2015/11/19</createdDate>
        <mid>1967</mid>
        <MeasureType>weight</MeasureType>
        <value>78.9</value>
      </lifeStatus>
      <lifeStatus>
        <createdDate>2015/11/19</createdDate>
        <mid>1968</mid>
        <MeasureType>height</MeasureType>
        <value>172</value>
      </lifeStatus>
    </healthProfile>
    <firstname>Chuck</firstname>
  </person>
  <person>
    <birthdate>1944-12-31T23:00:00Z</birthdate>
    <idPerson>5361</idPerson>
    <lastname>Norris</lastname>
    <healthProfile>
      <lifeStatus>
        <createdDate>2015/11/19</createdDate>
        <mid>1969</mid>
        <MeasureType>weight</MeasureType>
        <value>78.9</value>
      </lifeStatus>
      <lifeStatus>
        <createdDate>2015/11/19</createdDate>
        <mid>1970</mid>
        <MeasureType>height</MeasureType>
        <value>172</value>
      </lifeStatus>
    </healthProfile>
    <firstname>Chuck</firstname>
  </person>
  <person>
    <birthdate>1944-12-31T23:00:00Z</birthdate>
    <idPerson>5362</idPerson>
    <lastname>Norris</lastname>
    <healthProfile>
      <lifeStatus>
        <createdDate>2015/11/19</createdDate>
        <mid>1971</mid>
        <MeasureType>weight</MeasureType>
        <value>78.9</value>
      </lifeStatus>
      <lifeStatus>
        <createdDate>2015/11/19</createdDate>
        <mid>1972</mid>
        <MeasureType>height</MeasureType>
        <value>172</value>
      </lifeStatus>
    </healthProfile>
    <firstname>Chuck</firstname>
  </person>
  <person>
    <birthdate>1944-12-31T23:00:00Z</birthdate>
    <idPerson>5404</idPerson>
    <lastname>Norris</lastname>
    <healthProfile>
      <lifeStatus>
        <createdDate>2015/11/19</createdDate>
        <mid>2005</mid>
        <MeasureType>weight</MeasureType>
        <value>78.9</value>
      </lifeStatus>
      <lifeStatus>
        <createdDate>2015/11/19</createdDate>
        <mid>2006</mid>
        <MeasureType>height</MeasureType>
        <value>172</value>
      </lifeStatus>
    </healthProfile>
    <firstname>Chuck</firstname>
  </person>
  <person>
    <birthdate>1944-12-31T23:00:00Z</birthdate>
    <idPerson>5405</idPerson>
    <lastname>Norris</lastname>
    <healthProfile>
      <lifeStatus>
        <createdDate>2015/11/19</createdDate>
        <mid>2007</mid>
        <MeasureType>weight</MeasureType>
        <value>78.9</value>
      </lifeStatus>
      <lifeStatus>
        <createdDate>2015/11/19</createdDate>
        <mid>2008</mid>
        <MeasureType>height</MeasureType>
        <value>172</value>
      </lifeStatus>
    </healthProfile>
    <firstname>Chuck</firstname>
  </person>
  <person>
    <birthdate>1944-12-31T23:00:00Z</birthdate>
    <idPerson>5454</idPerson>
    <lastname>Norris</lastname>
    <healthProfile>
      <lifeStatus>
        <createdDate>2015/11/20</createdDate>
        <mid>2055</mid>
        <MeasureType>weight</MeasureType>
        <value>78.9</value>
      </lifeStatus>
      <lifeStatus>
        <createdDate>2015/11/20</createdDate>
        <mid>2056</mid>
        <MeasureType>height</MeasureType>
        <value>172</value>
      </lifeStatus>
    </healthProfile>
    <firstname>Chuck</firstname>
  </person>
  <person>
    <birthdate>1944-12-31T23:00:00Z</birthdate>
    <idPerson>5455</idPerson>
    <lastname>Abilton</lastname>
    <healthProfile>
      <lifeStatus>
        <createdDate>2015/11/20</createdDate>
        <mid>2057</mid>
        <MeasureType>weight</MeasureType>
        <value>78.9</value>
      </lifeStatus>
      <lifeStatus>
        <createdDate>2015/11/20</createdDate>
        <mid>2058</mid>
        <MeasureType>height</MeasureType>
        <value>172</value>
      </lifeStatus>
    </healthProfile>
    <firstname>Comandante</firstname>
  </person>
  <person>
    <birthdate>1944-12-31T23:00:00Z</birthdate>
    <idPerson>5456</idPerson>
    <lastname>Abilton</lastname>
    <healthProfile>
      <lifeStatus>
        <createdDate>2015/11/20</createdDate>
        <mid>2059</mid>
        <MeasureType>weight</MeasureType>
        <value>78.9</value>
      </lifeStatus>
      <lifeStatus>
        <createdDate>2015/11/20</createdDate>
        <mid>2060</mid>
        <MeasureType>height</MeasureType>
        <value>172</value>
      </lifeStatus>
    </healthProfile>
    <firstname>Comandante</firstname>
  </person>
  <person>
    <birthdate>1944-12-31T23:00:00Z</birthdate>
    <idPerson>5457</idPerson>
    <lastname>Abilton</lastname>
    <healthProfile>
      <lifeStatus>
        <createdDate>2015/11/20</createdDate>
        <mid>2061</mid>
        <MeasureType>weight</MeasureType>
        <value>78.9</value>
      </lifeStatus>
      <lifeStatus>
        <createdDate>2015/11/20</createdDate>
        <mid>2062</mid>
        <MeasureType>height</MeasureType>
        <value>172</value>
      </lifeStatus>
    </healthProfile>
    <firstname>Comandante</firstname>
  </person>
  <person>
    <birthdate>1944-12-31T23:00:00Z</birthdate>
    <idPerson>5458</idPerson>
    <lastname>Abilton</lastname>
    <healthProfile>
      <lifeStatus>
        <createdDate>2015/11/20</createdDate>
        <mid>2063</mid>
        <MeasureType>weight</MeasureType>
        <value>78.9</value>
      </lifeStatus>
      <lifeStatus>
        <createdDate>2015/11/20</createdDate>
        <mid>2064</mid>
        <MeasureType>height</MeasureType>
        <value>172</value>
      </lifeStatus>
    </healthProfile>
    <firstname>Comandante</firstname>
  </person>
  <person>
    <birthdate>1944-12-31T23:00:00Z</birthdate>
    <idPerson>5459</idPerson>
    <lastname>Abilton</lastname>
    <healthProfile>
      <lifeStatus>
        <createdDate>2015/11/20</createdDate>
        <mid>2065</mid>
        <MeasureType>weight</MeasureType>
        <value>78.9</value>
      </lifeStatus>
      <lifeStatus>
        <createdDate>2015/11/20</createdDate>
        <mid>2066</mid>
        <MeasureType>height</MeasureType>
        <value>172</value>
      </lifeStatus>
    </healthProfile>
    <firstname>Comandante</firstname>
  </person>
  <person>
    <birthdate>1944-12-31T23:00:00Z</birthdate>
    <idPerson>5460</idPerson>
    <lastname>Abilton</lastname>
    <healthProfile>
      <lifeStatus>
        <createdDate>2015/11/20</createdDate>
        <mid>2067</mid>
        <MeasureType>weight</MeasureType>
        <value>78.9</value>
      </lifeStatus>
      <lifeStatus>
        <createdDate>2015/11/20</createdDate>
        <mid>2068</mid>
        <MeasureType>height</MeasureType>
        <value>172</value>
      </lifeStatus>
    </healthProfile>
    <firstname>Comandante</firstname>
  </person>
  <person>
    <birthdate>1944-12-31T23:00:00Z</birthdate>
    <idPerson>5461</idPerson>
    <lastname>Abilton</lastname>
    <healthProfile>
      <lifeStatus>
        <createdDate>2015/11/20</createdDate>
        <mid>2069</mid>
        <MeasureType>weight</MeasureType>
        <value>78.9</value>
      </lifeStatus>
      <lifeStatus>
        <createdDate>2015/11/20</createdDate>
        <mid>2070</mid>
        <MeasureType>height</MeasureType>
        <value>172</value>
      </lifeStatus>
    </healthProfile>
    <firstname>Comandante</firstname>
  </person>
  <person>
    <birthdate>1944-12-31T23:00:00Z</birthdate>
    <idPerson>5462</idPerson>
    <lastname>Abilton</lastname>
    <healthProfile>
      <lifeStatus>
        <createdDate>2015/11/20</createdDate>
        <mid>2071</mid>
        <MeasureType>weight</MeasureType>
        <value>78.9</value>
      </lifeStatus>
      <lifeStatus>
        <createdDate>2015/11/20</createdDate>
        <mid>2072</mid>
        <MeasureType>height</MeasureType>
        <value>172</value>
      </lifeStatus>
    </healthProfile>
    <firstname>Comandante</firstname>
  </person>
  <person>
    <birthdate>1944-12-31T23:00:00Z</birthdate>
    <idPerson>5463</idPerson>
    <lastname>Abilton</lastname>
    <healthProfile>
      <lifeStatus>
        <createdDate>2015/11/20</createdDate>
        <mid>2073</mid>
        <MeasureType>weight</MeasureType>
        <value>78.9</value>
      </lifeStatus>
      <lifeStatus>
        <createdDate>2015/11/20</createdDate>
        <mid>2074</mid>
        <MeasureType>height</MeasureType>
        <value>172</value>
      </lifeStatus>
    </healthProfile>
    <firstname>Comandante</firstname>
  </person>
  <person>
    <birthdate>1944-12-31T23:00:00Z</birthdate>
    <idPerson>5464</idPerson>
    <lastname>Abilton</lastname>
    <healthProfile>
      <lifeStatus>
        <createdDate>2015/11/20</createdDate>
        <mid>2075</mid>
        <MeasureType>weight</MeasureType>
        <value>78.9</value>
      </lifeStatus>
      <lifeStatus>
        <createdDate>2015/11/20</createdDate>
        <mid>2076</mid>
        <MeasureType>height</MeasureType>
        <value>172</value>
      </lifeStatus>
    </healthProfile>
    <firstname>Comandante</firstname>
  </person>
  <person>
    <birthdate>1944-12-31T23:00:00Z</birthdate>
    <idPerson>5465</idPerson>
    <lastname>Abilton</lastname>
    <healthProfile>
      <lifeStatus>
        <createdDate>2015/11/20</createdDate>
        <mid>2077</mid>
        <MeasureType>weight</MeasureType>
        <value>78.9</value>
      </lifeStatus>
      <lifeStatus>
        <createdDate>2015/11/20</createdDate>
        <mid>2078</mid>
        <MeasureType>height</MeasureType>
        <value>172</value>
      </lifeStatus>
    </healthProfile>
    <firstname>Comandante</firstname>
  </person>
  <person>
    <birthdate>1944-12-31T23:00:00Z</birthdate>
    <idPerson>5466</idPerson>
    <lastname>Abilton</lastname>
    <healthProfile>
      <lifeStatus>
        <createdDate>2015/11/20</createdDate>
        <mid>2079</mid>
        <MeasureType>weight</MeasureType>
        <value>78.9</value>
      </lifeStatus>
      <lifeStatus>
        <createdDate>2015/11/20</createdDate>
        <mid>2080</mid>
        <MeasureType>height</MeasureType>
        <value>172</value>
      </lifeStatus>
    </healthProfile>
    <firstname>Comandante</firstname>
  </person>
  <person>
    <birthdate>1944-12-31T23:00:00Z</birthdate>
    <idPerson>5467</idPerson>
    <lastname>Norris</lastname>
    <healthProfile>
      <lifeStatus>
        <createdDate>2015/11/20</createdDate>
        <mid>2081</mid>
        <MeasureType>weight</MeasureType>
        <value>78.9</value>
      </lifeStatus>
      <lifeStatus>
        <createdDate>2015/11/20</createdDate>
        <mid>2082</mid>
        <MeasureType>height</MeasureType>
        <value>172</value>
      </lifeStatus>
    </healthProfile>
    <firstname>Chuck</firstname>
  </person>
  <person>
    <birthdate>1944-12-31T23:00:00Z</birthdate>
    <idPerson>5468</idPerson>
    <lastname>Norris</lastname>
    <healthProfile>
      <lifeStatus>
        <createdDate>2015/11/20</createdDate>
        <mid>2083</mid>
        <MeasureType>weight</MeasureType>
        <value>78.9</value>
      </lifeStatus>
      <lifeStatus>
        <createdDate>2015/11/20</createdDate>
        <mid>2084</mid>
        <MeasureType>height</MeasureType>
        <value>172</value>
      </lifeStatus>
    </healthProfile>
    <firstname>Chuck</firstname>
  </person>
  <person>
    <birthdate>1944-12-31T23:00:00Z</birthdate>
    <idPerson>5469</idPerson>
    <lastname>Norris</lastname>
    <healthProfile>
      <lifeStatus>
        <createdDate>2015/11/20</createdDate>
        <mid>2085</mid>
        <MeasureType>weight</MeasureType>
        <value>78.9</value>
      </lifeStatus>
      <lifeStatus>
        <createdDate>2015/11/20</createdDate>
        <mid>2086</mid>
        <MeasureType>height</MeasureType>
        <value>172</value>
      </lifeStatus>
    </healthProfile>
    <firstname>Chuck</firstname>
  </person>
  <person>
    <birthdate>1944-12-31T23:00:00Z</birthdate>
    <idPerson>5470</idPerson>
    <lastname>Norris</lastname>
    <healthProfile>
      <lifeStatus>
        <createdDate>2015/11/20</createdDate>
        <mid>2087</mid>
        <MeasureType>weight</MeasureType>
        <value>78.9</value>
      </lifeStatus>
      <lifeStatus>
        <createdDate>2015/11/20</createdDate>
        <mid>2088</mid>
        <MeasureType>height</MeasureType>
        <value>172</value>
      </lifeStatus>
    </healthProfile>
    <firstname>Chuck</firstname>
  </person>
  <person>
    <birthdate>1944-12-31T23:00:00Z</birthdate>
    <idPerson>5604</idPerson>
    <lastname>Brightnson</lastname>
    <healthProfile/>
    <firstname>Johannes</firstname>
  </person>
  <person>
    <birthdate>1944-12-31T23:00:00Z</birthdate>
    <idPerson>5605</idPerson>
    <lastname>Brightnson</lastname>
    <healthProfile/>
    <firstname>Johannes</firstname>
  </person>
  <person>
    <birthdate>1944-12-31T23:00:00Z</birthdate>
    <idPerson>5654</idPerson>
    <lastname>Brightnson</lastname>
    <healthProfile/>
    <firstname>Johannes</firstname>
  </person>
  <person>
    <birthdate>1944-12-31T23:00:00Z</birthdate>
    <idPerson>5655</idPerson>
    <lastname>Brightnson</lastname>
    <healthProfile/>
    <firstname>Johannes</firstname>
  </person>
  <person>
    <birthdate>1944-12-31T23:00:00Z</birthdate>
    <idPerson>5656</idPerson>
    <lastname>Brightnson</lastname>
    <healthProfile/>
    <firstname>Johannes</firstname>
  </person>
  <person>
    <birthdate>1944-12-31T23:00:00Z</birthdate>
    <idPerson>5704</idPerson>
    <lastname>Brightnson</lastname>
    <healthProfile/>
    <firstname>Johannes</firstname>
  </person>
  <person>
    <birthdate>1944-12-31T23:00:00Z</birthdate>
    <idPerson>5754</idPerson>
    <lastname>Brightnson</lastname>
    <healthProfile/>
    <firstname>Johannes</firstname>
  </person>
  <person>
    <birthdate>1944-12-31T23:00:00Z</birthdate>
    <idPerson>5755</idPerson>
    <lastname>Brightnson</lastname>
    <healthProfile/>
    <firstname>Johannes</firstname>
  </person>
  <person>
    <birthdate>1944-12-31T23:00:00Z</birthdate>
    <idPerson>5756</idPerson>
    <lastname>Brightnson</lastname>
    <healthProfile/>
    <firstname>Johannes</firstname>
  </person>
  <person>
    <birthdate>1944-12-31T23:00:00Z</birthdate>
    <idPerson>5757</idPerson>
    <lastname>Brightnson</lastname>
    <healthProfile/>
    <firstname>Johannes</firstname>
  </person>
  <person>
    <birthdate>1944-12-31T23:00:00Z</birthdate>
    <idPerson>5758</idPerson>
    <lastname>Brightnson</lastname>
    <healthProfile/>
    <firstname>Johannes</firstname>
  </person>
  <person>
    <idPerson>5759</idPerson>
    <lastname>Stuart</lastname>
    <healthProfile/>
    <firstname>Johannes</firstname>
  </person>
  <person>
    <idPerson>5760</idPerson>
    <lastname>Stuart</lastname>
    <healthProfile/>
    <firstname>Johannes</firstname>
  </person>
  <person>
    <idPerson>5804</idPerson>
    <lastname>Stuart</lastname>
    <healthProfile/>
    <firstname>Johannes</firstname>
  </person>
  <person>
    <idPerson>5805</idPerson>
    <lastname>Stuart</lastname>
    <healthProfile/>
    <firstname>Johannes</firstname>
  </person>
  <person>
    <birthdate>1944-12-31T23:00:00Z</birthdate>
    <idPerson>5854</idPerson>
    <lastname>Norris</lastname>
    <healthProfile/>
    <firstname>Chuck</firstname>
  </person>
  <person>
    <birthdate>1944-12-31T23:00:00Z</birthdate>
    <idPerson>5855</idPerson>
    <lastname>Norris</lastname>
    <healthProfile/>
    <firstname>Chuck</firstname>
  </person>
  <person>
    <birthdate>1944-12-31T23:00:00Z</birthdate>
    <idPerson>5904</idPerson>
    <lastname>Norris</lastname>
    <healthProfile/>
    <firstname>Chuck</firstname>
  </person>
  <person>
    <birthdate>1944-12-31T23:00:00Z</birthdate>
    <idPerson>5954</idPerson>
    <lastname>Norris</lastname>
    <healthProfile/>
    <firstname>Chuck</firstname>
  </person>
  <person>
    <idPerson>5955</idPerson>
    <lastname>Stuart</lastname>
    <healthProfile/>
    <firstname>Johannes</firstname>
  </person>
  <person>
    <idPerson>6004</idPerson>
    <lastname>Stuart</lastname>
    <healthProfile/>
    <firstname>Johannes</firstname>
  </person>
  <person>
    <idPerson>6054</idPerson>
    <lastname>Stuart</lastname>
    <healthProfile/>
    <firstname>Johannes</firstname>
  </person>
  <person>
    <birthdate>1945-01-01T00:00:00Z</birthdate>
    <idPerson>6104</idPerson>
    <lastname>Norris</lastname>
    <healthProfile/>
    <firstname>Chuck</firstname>
  </person>
  <person>
    <birthdate>1945-01-01T00:00:00Z</birthdate>
    <idPerson>6105</idPerson>
    <lastname>Norris</lastname>
    <healthProfile/>
    <firstname>Chuck</firstname>
  </person>
  <person>
    <birthdate>1945-01-01T00:00:00Z</birthdate>
    <idPerson>6106</idPerson>
    <lastname>Norris</lastname>
    <healthProfile/>
    <firstname>Chuck</firstname>
  </person>
  <person>
    <birthdate>1945-01-01T00:00:00Z</birthdate>
    <idPerson>6107</idPerson>
    <lastname>Norris</lastname>
    <healthProfile/>
    <firstname>Chuck</firstname>
  </person>
</people>


Request #2 GET /person/first_person_id Accept: APPLICATION/XML Content-Type: APPLICATION/XML 
=> Result: OK 
=> HTTP Status: 200

<?xml version="1.0" encoding="UTF-8"?><person>
  <idPerson>1</idPerson>
  <lastname>Stuart</lastname>
  <healthProfile>
    <lifeStatus>
      <createdDate>2015/11/17</createdDate>
      <mid>1755</mid>
      <MeasureType>weight</MeasureType>
      <value>99</value>
    </lifeStatus>
    <lifeStatus>
      <mid>1754</mid>
      <MeasureType>height</MeasureType>
      <value>160</value>
    </lifeStatus>
  </healthProfile>
  <firstname>Damiano</firstname>
</person>


Request #3 PUT /person/first_person_id Accept: APPLICATION/XML Content-Type: APPLICATION/XML 
=> Result: OK 
=> HTTP Status: 201


Request #4 POST /person Accept: APPLICATION/XML Content-Type: APPLICATION/XML 
=> Result: OK 
=> HTTP Status: 200


Request #5 DELETE /person/ Accept: APPLICATION/XML Content-Type: APPLICATION/XML 
=> Result: ERROR 
=> HTTP Status: 405


Request #2 GET /person/ Accept: APPLICATION/XML Content-Type: APPLICATION/XML 
=> Result: OK 
=> HTTP Status: 200

<?xml version="1.0" encoding="UTF-8"?><people>
  <person>
    <idPerson>1</idPerson>
    <lastname>Stuart</lastname>
    <healthProfile>
      <lifeStatus>
        <createdDate>2015/11/17</createdDate>
        <mid>1755</mid>
        <MeasureType>weight</MeasureType>
        <value>99</value>
      </lifeStatus>
      <lifeStatus>
        <mid>1754</mid>
        <MeasureType>height</MeasureType>
        <value>160</value>
      </lifeStatus>
    </healthProfile>
    <firstname>Damiano</firstname>
  </person>
  <person>
    <birthdate>1978-09-01T22:00:00Z</birthdate>
    <idPerson>2</idPerson>
    <lastname>Tralalala</lastname>
    <healthProfile>
      <lifeStatus>
        <mid>502</mid>
        <MeasureType>weight</MeasureType>
        <value>85</value>
      </lifeStatus>
      <lifeStatus>
        <mid>552</mid>
        <MeasureType>height</MeasureType>
        <value>85</value>
      </lifeStatus>
    </healthProfile>
    <firstname>Chuck</firstname>
  </person>
  <person>
    <birthdate>1978-09-01T22:00:00Z</birthdate>
    <idPerson>3</idPerson>
    <lastname>Pippo</lastname>
    <healthProfile/>
    <firstname>Pappo</firstname>
  </person>
  <person>
    <birthdate>1991-06-20T22:00:00Z</birthdate>
    <idPerson>2703</idPerson>
    <lastname>Tralala</lastname>
    <healthProfile/>
    <firstname>New</firstname>
  </person>
  <person>
    <birthdate>1978-09-01T22:00:00Z</birthdate>
    <idPerson>2753</idPerson>
    <lastname>The Little</lastname>
    <healthProfile/>
    <firstname>Stuart</firstname>
  </person>
  <person>
    <birthdate>1978-09-01T22:00:00Z</birthdate>
    <idPerson>2754</idPerson>
    <lastname>Chan</lastname>
    <healthProfile/>
    <firstname>Jecky</firstname>
  </person>
  <person>
    <birthdate>1978-09-01T22:00:00Z</birthdate>
    <idPerson>2804</idPerson>
    <lastname>Tieta</lastname>
    <healthProfile/>
    <firstname>Aboboda</firstname>
  </person>
  <person>
    <birthdate>1978-09-01T22:00:00Z</birthdate>
    <idPerson>2854</idPerson>
    <lastname>Tieta</lastname>
    <healthProfile/>
    <firstname>Aboboda</firstname>
  </person>
  <person>
    <birthdate>1978-09-01T22:00:00Z</birthdate>
    <idPerson>2855</idPerson>
    <lastname>Chhahahaan</lastname>
    <healthProfile/>
    <firstname>Jecky</firstname>
  </person>
  <person>
    <birthdate>1978-09-01T22:00:00Z</birthdate>
    <idPerson>2954</idPerson>
    <lastname>Chan</lastname>
    <healthProfile/>
    <firstname>ueaheuah</firstname>
  </person>
  <person>
    <birthdate>1978-09-01T22:00:00Z</birthdate>
    <idPerson>3004</idPerson>
    <lastname>Chan</lastname>
    <healthProfile/>
    <firstname>ueaheuah</firstname>
  </person>
  <person>
    <birthdate>1978-09-01T22:00:00Z</birthdate>
    <idPerson>3005</idPerson>
    <lastname>Chan</lastname>
    <healthProfile/>
    <firstname>ueaheuah</firstname>
  </person>
  <person>
    <birthdate>1978-09-01T22:00:00Z</birthdate>
    <idPerson>3054</idPerson>
    <lastname>Chan</lastname>
    <healthProfile/>
    <firstname>ueaheuah</firstname>
  </person>
  <person>
    <birthdate>1978-09-01T22:00:00Z</birthdate>
    <idPerson>3107</idPerson>
    <lastname>Chan</lastname>
    <healthProfile/>
    <firstname>ueaheuah</firstname>
  </person>
  <person>
    <birthdate>1978-09-01T22:00:00Z</birthdate>
    <idPerson>3108</idPerson>
    <lastname>Chan</lastname>
    <healthProfile/>
    <firstname>ueaheuah</firstname>
  </person>
  <person>
    <birthdate>1978-09-01T22:00:00Z</birthdate>
    <idPerson>3154</idPerson>
    <lastname>Chan</lastname>
    <healthProfile/>
    <firstname>ueaheuah</firstname>
  </person>
  <person>
    <birthdate>1978-09-01T22:00:00Z</birthdate>
    <idPerson>3204</idPerson>
    <lastname>Chan</lastname>
    <healthProfile/>
    <firstname>ueaheuah</firstname>
  </person>
  <person>
    <birthdate>1978-09-01T22:00:00Z</birthdate>
    <idPerson>3254</idPerson>
    <lastname>Chan</lastname>
    <healthProfile/>
    <firstname>ueaheuah</firstname>
  </person>
  <person>
    <birthdate>1978-09-01T22:00:00Z</birthdate>
    <idPerson>3304</idPerson>
    <lastname>Chan</lastname>
    <healthProfile/>
    <firstname>ueaheuah</firstname>
  </person>
  <person>
    <birthdate>1978-09-01T22:00:00Z</birthdate>
    <idPerson>3305</idPerson>
    <lastname>Chan</lastname>
    <healthProfile/>
    <firstname>ueaheuah</firstname>
  </person>
  <person>
    <birthdate>1978-09-01T22:00:00Z</birthdate>
    <idPerson>3354</idPerson>
    <lastname>Chan</lastname>
    <healthProfile/>
    <firstname>ueaheuah</firstname>
  </person>
  <person>
    <birthdate>1978-09-01T22:00:00Z</birthdate>
    <idPerson>3355</idPerson>
    <lastname>Chan</lastname>
    <healthProfile/>
    <firstname>ueaheuah</firstname>
  </person>
  <person>
    <birthdate>1978-09-01T22:00:00Z</birthdate>
    <idPerson>3404</idPerson>
    <lastname>Chan</lastname>
    <healthProfile/>
    <firstname>ueaheuah</firstname>
  </person>
  <person>
    <birthdate>1978-09-01T22:00:00Z</birthdate>
    <idPerson>3405</idPerson>
    <lastname>Chan</lastname>
    <healthProfile/>
    <firstname>ueaheuah</firstname>
  </person>
  <person>
    <birthdate>1978-09-01T22:00:00Z</birthdate>
    <idPerson>3454</idPerson>
    <lastname>Chan</lastname>
    <healthProfile/>
    <firstname>ueaheuah</firstname>
  </person>
  <person>
    <birthdate>1978-09-01T22:00:00Z</birthdate>
    <idPerson>3455</idPerson>
    <lastname>Chan</lastname>
    <healthProfile/>
    <firstname>ueaheuah</firstname>
  </person>
  <person>
    <birthdate>1978-09-01T22:00:00Z</birthdate>
    <idPerson>3504</idPerson>
    <lastname>Chan</lastname>
    <healthProfile/>
    <firstname>ueaheuah</firstname>
  </person>
  <person>
    <birthdate>1978-09-01T22:00:00Z</birthdate>
    <idPerson>3505</idPerson>
    <lastname>Chan</lastname>
    <healthProfile/>
    <firstname>ueaheuah</firstname>
  </person>
  <person>
    <birthdate>1978-09-01T22:00:00Z</birthdate>
    <idPerson>3554</idPerson>
    <lastname>Chan</lastname>
    <healthProfile/>
    <firstname>ueaheuah</firstname>
  </person>
  <person>
    <birthdate>1978-09-01T22:00:00Z</birthdate>
    <idPerson>3604</idPerson>
    <lastname>Chan</lastname>
    <healthProfile/>
    <firstname>ueaheuah</firstname>
  </person>
  <person>
    <birthdate>1978-09-01T22:00:00Z</birthdate>
    <idPerson>3654</idPerson>
    <lastname>Chan</lastname>
    <healthProfile/>
    <firstname>ueaheuah</firstname>
  </person>
  <person>
    <birthdate>1978-09-01T22:00:00Z</birthdate>
    <idPerson>3704</idPerson>
    <lastname>Chan</lastname>
    <healthProfile/>
    <firstname>ueaheuah</firstname>
  </person>
  <person>
    <birthdate>1978-09-01T22:00:00Z</birthdate>
    <idPerson>3754</idPerson>
    <lastname>Chan</lastname>
    <healthProfile/>
    <firstname>ueaheuah</firstname>
  </person>
  <person>
    <birthdate>1978-09-01T22:00:00Z</birthdate>
    <idPerson>3755</idPerson>
    <lastname>Chan</lastname>
    <healthProfile/>
    <firstname>ueaheuah</firstname>
  </person>
  <person>
    <birthdate>1978-09-01T22:00:00Z</birthdate>
    <idPerson>3904</idPerson>
    <lastname>Chan</lastname>
    <healthProfile/>
    <firstname>ueaheuah</firstname>
  </person>
  <person>
    <birthdate>1978-09-01T22:00:00Z</birthdate>
    <idPerson>3905</idPerson>
    <lastname>Chan</lastname>
    <healthProfile/>
    <firstname>ueaheuah</firstname>
  </person>
  <person>
    <birthdate>1978-09-01T22:00:00Z</birthdate>
    <idPerson>4004</idPerson>
    <lastname>Chan</lastname>
    <healthProfile/>
    <firstname>ueaheuah</firstname>
  </person>
  <person>
    <birthdate>1978-09-01T22:00:00Z</birthdate>
    <idPerson>4054</idPerson>
    <lastname>Chan</lastname>
    <healthProfile/>
    <firstname>ueaheuah</firstname>
  </person>
  <person>
    <birthdate>1978-09-01T22:00:00Z</birthdate>
    <idPerson>4104</idPerson>
    <lastname>Chan</lastname>
    <healthProfile/>
    <firstname>ueaheuah</firstname>
  </person>
  <person>
    <birthdate>1978-09-01T22:00:00Z</birthdate>
    <idPerson>4154</idPerson>
    <lastname>Chan</lastname>
    <healthProfile>
      <lifeStatus>
        <mid>1602</mid>
        <MeasureType>weight</MeasureType>
        <value>72.3</value>
      </lifeStatus>
      <lifeStatus>
        <mid>1603</mid>
        <MeasureType>height</MeasureType>
        <value>9</value>
      </lifeStatus>
    </healthProfile>
    <firstname>ueaheuah</firstname>
  </person>
  <person>
    <birthdate>1978-09-01T22:00:00Z</birthdate>
    <idPerson>4155</idPerson>
    <lastname>Chan</lastname>
    <healthProfile>
      <lifeStatus>
        <mid>1604</mid>
        <MeasureType>weight</MeasureType>
        <value>72.3</value>
      </lifeStatus>
      <lifeStatus>
        <mid>1605</mid>
        <MeasureType>height</MeasureType>
        <value>9</value>
      </lifeStatus>
    </healthProfile>
    <firstname>ueaheuah</firstname>
  </person>
  <person>
    <birthdate>1978-09-01T22:00:00Z</birthdate>
    <idPerson>4204</idPerson>
    <lastname>Chan</lastname>
    <healthProfile/>
    <firstname>Jeckie</firstname>
  </person>
  <person>
    <birthdate>1944-12-31T23:00:00Z</birthdate>
    <idPerson>4254</idPerson>
    <lastname>sobrenome do cabra</lastname>
    <healthProfile/>
    <firstname>nome do cabra</firstname>
  </person>
  <person>
    <birthdate>1944-12-31T23:00:00Z</birthdate>
    <idPerson>4304</idPerson>
    <lastname>sobrenome do cabra</lastname>
    <healthProfile/>
    <firstname>nome do cabra</firstname>
  </person>
  <person>
    <birthdate>1944-12-31T23:00:00Z</birthdate>
    <idPerson>4305</idPerson>
    <lastname>sobrenome do cabra</lastname>
    <healthProfile/>
    <firstname>nome do cabra</firstname>
  </person>
  <person>
    <birthdate>1944-12-31T23:00:00Z</birthdate>
    <idPerson>4354</idPerson>
    <lastname>sobrenome do cabra</lastname>
    <healthProfile/>
    <firstname>nome do cabra</firstname>
  </person>
  <person>
    <birthdate>1944-12-31T23:00:00Z</birthdate>
    <idPerson>4404</idPerson>
    <lastname>sobrenome do cabra</lastname>
    <healthProfile/>
    <firstname>nome do cabra</firstname>
  </person>
  <person>
    <birthdate>1944-12-31T23:00:00Z</birthdate>
    <idPerson>4405</idPerson>
    <lastname>sobrenome do cabra</lastname>
    <healthProfile/>
    <firstname>nome do cabra</firstname>
  </person>
  <person>
    <birthdate>1944-12-31T23:00:00Z</birthdate>
    <idPerson>4406</idPerson>
    <lastname>sobrenome do cabra</lastname>
    <healthProfile/>
    <firstname>nome do cabra</firstname>
  </person>
  <person>
    <birthdate>1944-12-31T23:00:00Z</birthdate>
    <idPerson>4454</idPerson>
    <lastname>sobrenome do cabra</lastname>
    <healthProfile/>
    <firstname>nome do cabra</firstname>
  </person>
  <person>
    <birthdate>1944-12-31T23:00:00Z</birthdate>
    <idPerson>4504</idPerson>
    <lastname>sobrenome do cabra</lastname>
    <healthProfile/>
    <firstname>nome do cabra</firstname>
  </person>
  <person>
    <birthdate>1944-12-31T23:00:00Z</birthdate>
    <idPerson>4505</idPerson>
    <lastname>sobrenome do cabra</lastname>
    <healthProfile/>
    <firstname>nome do cabra</firstname>
  </person>
  <person>
    <birthdate>1944-12-31T23:00:00Z</birthdate>
    <idPerson>4554</idPerson>
    <lastname>sobrenome do cabra</lastname>
    <healthProfile/>
    <firstname>nome do cabra</firstname>
  </person>
  <person>
    <birthdate>1944-12-31T23:00:00Z</birthdate>
    <idPerson>4604</idPerson>
    <lastname>sobrenome do cabra</lastname>
    <healthProfile/>
    <firstname>nome do cabra</firstname>
  </person>
  <person>
    <birthdate>1944-12-31T23:00:00Z</birthdate>
    <idPerson>4605</idPerson>
    <lastname>sobrenome do cabra</lastname>
    <healthProfile/>
    <firstname>nome do cabra</firstname>
  </person>
  <person>
    <birthdate>1944-12-31T23:00:00Z</birthdate>
    <idPerson>4606</idPerson>
    <lastname>sobrenome do cabra</lastname>
    <healthProfile/>
    <firstname>nome do cabra</firstname>
  </person>
  <person>
    <birthdate>1944-12-31T23:00:00Z</birthdate>
    <idPerson>4654</idPerson>
    <lastname>sobrenome do cabra</lastname>
    <healthProfile/>
    <firstname>nome do cabra</firstname>
  </person>
  <person>
    <birthdate>1944-12-31T23:00:00Z</birthdate>
    <idPerson>4655</idPerson>
    <lastname>sobrenome do cabra</lastname>
    <healthProfile/>
    <firstname>nome do cabra</firstname>
  </person>
  <person>
    <birthdate>1944-12-31T23:00:00Z</birthdate>
    <idPerson>4704</idPerson>
    <lastname>sobrenome do cabra</lastname>
    <healthProfile/>
    <firstname>nome do cabra</firstname>
  </person>
  <person>
    <birthdate>1944-12-31T23:00:00Z</birthdate>
    <idPerson>4705</idPerson>
    <lastname>sobrenome do cabra</lastname>
    <healthProfile/>
    <firstname>nome do cabra</firstname>
  </person>
  <person>
    <birthdate>1944-12-31T23:00:00Z</birthdate>
    <idPerson>4754</idPerson>
    <lastname>sobrenome do cabra</lastname>
    <healthProfile/>
    <firstname>nome do cabra</firstname>
  </person>
  <person>
    <birthdate>1944-12-31T23:00:00Z</birthdate>
    <idPerson>4755</idPerson>
    <lastname>sobrenome do cabra</lastname>
    <healthProfile/>
    <firstname>nome do cabra</firstname>
  </person>
  <person>
    <birthdate>1944-12-31T23:00:00Z</birthdate>
    <idPerson>4804</idPerson>
    <lastname>sobrenome do cabra</lastname>
    <healthProfile/>
    <firstname>nome do cabra</firstname>
  </person>
  <person>
    <birthdate>1944-12-31T23:00:00Z</birthdate>
    <idPerson>4805</idPerson>
    <lastname>sobrenome do cabra</lastname>
    <healthProfile/>
    <firstname>nome do cabra</firstname>
  </person>
  <person>
    <birthdate>1944-12-31T23:00:00Z</birthdate>
    <idPerson>4854</idPerson>
    <lastname>sobrenome do cabra</lastname>
    <healthProfile/>
    <firstname>nome do cabra</firstname>
  </person>
  <person>
    <birthdate>1944-12-31T23:00:00Z</birthdate>
    <idPerson>4904</idPerson>
    <lastname>sobrenome do cabra</lastname>
    <healthProfile/>
    <firstname>nome do cabra</firstname>
  </person>
  <person>
    <birthdate>1944-12-31T23:00:00Z</birthdate>
    <idPerson>4905</idPerson>
    <lastname>sobrenome do cabra</lastname>
    <healthProfile/>
    <firstname>nome do cabra</firstname>
  </person>
  <person>
    <birthdate>1944-12-31T23:00:00Z</birthdate>
    <idPerson>4954</idPerson>
    <lastname>sobrenome do cabra</lastname>
    <healthProfile/>
    <firstname>nome do cabra</firstname>
  </person>
  <person>
    <idPerson>4955</idPerson>
    <lastname>Stuart</lastname>
    <healthProfile/>
    <firstname>Carlos Jose</firstname>
  </person>
  <person>
    <idPerson>4956</idPerson>
    <lastname>Stuart</lastname>
    <healthProfile/>
    <firstname>Carlos Jose</firstname>
  </person>
  <person>
    <birthdate>1990-10-03T23:00:00Z</birthdate>
    <idPerson>5207</idPerson>
    <lastname>Stuart</lastname>
    <healthProfile>
      <lifeStatus>
        <createdDate>2015/11/19</createdDate>
        <mid>1805</mid>
        <MeasureType>weight</MeasureType>
        <value>99</value>
      </lifeStatus>
      <lifeStatus>
        <createdDate>2015/11/19</createdDate>
        <mid>1806</mid>
        <MeasureType>height</MeasureType>
        <value>160</value>
      </lifeStatus>
    </healthProfile>
    <firstname>Carlos Jose</firstname>
  </person>
  <person>
    <birthdate>1990-10-03T23:00:00Z</birthdate>
    <idPerson>5254</idPerson>
    <lastname>Stuart</lastname>
    <healthProfile>
      <lifeStatus>
        <createdDate>2015/11/19</createdDate>
        <mid>1855</mid>
        <MeasureType>weight</MeasureType>
        <value>99</value>
      </lifeStatus>
      <lifeStatus>
        <createdDate>2015/11/19</createdDate>
        <mid>1856</mid>
        <MeasureType>height</MeasureType>
        <value>160</value>
      </lifeStatus>
    </healthProfile>
    <firstname>Carlos Jose</firstname>
  </person>
  <person>
    <birthdate>1990-10-03T23:00:00Z</birthdate>
    <idPerson>5255</idPerson>
    <lastname>Stuart</lastname>
    <healthProfile>
      <lifeStatus>
        <createdDate>2015/11/19</createdDate>
        <mid>1857</mid>
        <MeasureType>weight</MeasureType>
        <value>99</value>
      </lifeStatus>
      <lifeStatus>
        <createdDate>2015/11/19</createdDate>
        <mid>1858</mid>
        <MeasureType>height</MeasureType>
        <value>160</value>
      </lifeStatus>
    </healthProfile>
    <firstname>Carlos Jose</firstname>
  </person>
  <person>
    <birthdate>1990-10-03T23:00:00Z</birthdate>
    <idPerson>5304</idPerson>
    <lastname>Stuart</lastname>
    <healthProfile>
      <lifeStatus>
        <createdDate>2015/11/19</createdDate>
        <mid>1905</mid>
        <MeasureType>weight</MeasureType>
        <value>99</value>
      </lifeStatus>
      <lifeStatus>
        <createdDate>2015/11/19</createdDate>
        <mid>1906</mid>
        <MeasureType>height</MeasureType>
        <value>160</value>
      </lifeStatus>
    </healthProfile>
    <firstname>Carlos Jose</firstname>
  </person>
  <person>
    <birthdate>1944-12-31T23:00:00Z</birthdate>
    <idPerson>5354</idPerson>
    <lastname>Norris</lastname>
    <healthProfile>
      <lifeStatus>
        <createdDate>2015/11/19</createdDate>
        <mid>1955</mid>
        <MeasureType>weight</MeasureType>
        <value>78.9</value>
      </lifeStatus>
      <lifeStatus>
        <createdDate>2015/11/19</createdDate>
        <mid>1956</mid>
        <MeasureType>height</MeasureType>
        <value>172</value>
      </lifeStatus>
    </healthProfile>
    <firstname>Chuck</firstname>
  </person>
  <person>
    <birthdate>1944-12-31T23:00:00Z</birthdate>
    <idPerson>5355</idPerson>
    <lastname>Norris</lastname>
    <healthProfile>
      <lifeStatus>
        <createdDate>2015/11/19</createdDate>
        <mid>1957</mid>
        <MeasureType>weight</MeasureType>
        <value>78.9</value>
      </lifeStatus>
      <lifeStatus>
        <createdDate>2015/11/19</createdDate>
        <mid>1958</mid>
        <MeasureType>height</MeasureType>
        <value>172</value>
      </lifeStatus>
    </healthProfile>
    <firstname>Chuck</firstname>
  </person>
  <person>
    <birthdate>1944-12-31T23:00:00Z</birthdate>
    <idPerson>5356</idPerson>
    <lastname>Norris</lastname>
    <healthProfile>
      <lifeStatus>
        <createdDate>2015/11/19</createdDate>
        <mid>1959</mid>
        <MeasureType>weight</MeasureType>
        <value>78.9</value>
      </lifeStatus>
      <lifeStatus>
        <createdDate>2015/11/19</createdDate>
        <mid>1960</mid>
        <MeasureType>height</MeasureType>
        <value>172</value>
      </lifeStatus>
    </healthProfile>
    <firstname>Chuck</firstname>
  </person>
  <person>
    <birthdate>1944-12-31T23:00:00Z</birthdate>
    <idPerson>5357</idPerson>
    <lastname>Norris</lastname>
    <healthProfile>
      <lifeStatus>
        <createdDate>2015/11/19</createdDate>
        <mid>1961</mid>
        <MeasureType>weight</MeasureType>
        <value>78.9</value>
      </lifeStatus>
      <lifeStatus>
        <createdDate>2015/11/19</createdDate>
        <mid>1962</mid>
        <MeasureType>height</MeasureType>
        <value>172</value>
      </lifeStatus>
    </healthProfile>
    <firstname>Chuck</firstname>
  </person>
  <person>
    <birthdate>1944-12-31T23:00:00Z</birthdate>
    <idPerson>5358</idPerson>
    <lastname>Norris</lastname>
    <healthProfile>
      <lifeStatus>
        <createdDate>2015/11/19</createdDate>
        <mid>1963</mid>
        <MeasureType>weight</MeasureType>
        <value>78.9</value>
      </lifeStatus>
      <lifeStatus>
        <createdDate>2015/11/19</createdDate>
        <mid>1964</mid>
        <MeasureType>height</MeasureType>
        <value>172</value>
      </lifeStatus>
    </healthProfile>
    <firstname>Chuck</firstname>
  </person>
  <person>
    <birthdate>1944-12-31T23:00:00Z</birthdate>
    <idPerson>5359</idPerson>
    <lastname>Norris</lastname>
    <healthProfile>
      <lifeStatus>
        <createdDate>2015/11/19</createdDate>
        <mid>1965</mid>
        <MeasureType>weight</MeasureType>
        <value>78.9</value>
      </lifeStatus>
      <lifeStatus>
        <createdDate>2015/11/19</createdDate>
        <mid>1966</mid>
        <MeasureType>height</MeasureType>
        <value>172</value>
      </lifeStatus>
    </healthProfile>
    <firstname>Chuck</firstname>
  </person>
  <person>
    <birthdate>1944-12-31T23:00:00Z</birthdate>
    <idPerson>5360</idPerson>
    <lastname>Norris</lastname>
    <healthProfile>
      <lifeStatus>
        <createdDate>2015/11/19</createdDate>
        <mid>1967</mid>
        <MeasureType>weight</MeasureType>
        <value>78.9</value>
      </lifeStatus>
      <lifeStatus>
        <createdDate>2015/11/19</createdDate>
        <mid>1968</mid>
        <MeasureType>height</MeasureType>
        <value>172</value>
      </lifeStatus>
    </healthProfile>
    <firstname>Chuck</firstname>
  </person>
  <person>
    <birthdate>1944-12-31T23:00:00Z</birthdate>
    <idPerson>5361</idPerson>
    <lastname>Norris</lastname>
    <healthProfile>
      <lifeStatus>
        <createdDate>2015/11/19</createdDate>
        <mid>1969</mid>
        <MeasureType>weight</MeasureType>
        <value>78.9</value>
      </lifeStatus>
      <lifeStatus>
        <createdDate>2015/11/19</createdDate>
        <mid>1970</mid>
        <MeasureType>height</MeasureType>
        <value>172</value>
      </lifeStatus>
    </healthProfile>
    <firstname>Chuck</firstname>
  </person>
  <person>
    <birthdate>1944-12-31T23:00:00Z</birthdate>
    <idPerson>5362</idPerson>
    <lastname>Norris</lastname>
    <healthProfile>
      <lifeStatus>
        <createdDate>2015/11/19</createdDate>
        <mid>1971</mid>
        <MeasureType>weight</MeasureType>
        <value>78.9</value>
      </lifeStatus>
      <lifeStatus>
        <createdDate>2015/11/19</createdDate>
        <mid>1972</mid>
        <MeasureType>height</MeasureType>
        <value>172</value>
      </lifeStatus>
    </healthProfile>
    <firstname>Chuck</firstname>
  </person>
  <person>
    <birthdate>1944-12-31T23:00:00Z</birthdate>
    <idPerson>5404</idPerson>
    <lastname>Norris</lastname>
    <healthProfile>
      <lifeStatus>
        <createdDate>2015/11/19</createdDate>
        <mid>2005</mid>
        <MeasureType>weight</MeasureType>
        <value>78.9</value>
      </lifeStatus>
      <lifeStatus>
        <createdDate>2015/11/19</createdDate>
        <mid>2006</mid>
        <MeasureType>height</MeasureType>
        <value>172</value>
      </lifeStatus>
    </healthProfile>
    <firstname>Chuck</firstname>
  </person>
  <person>
    <birthdate>1944-12-31T23:00:00Z</birthdate>
    <idPerson>5405</idPerson>
    <lastname>Norris</lastname>
    <healthProfile>
      <lifeStatus>
        <createdDate>2015/11/19</createdDate>
        <mid>2007</mid>
        <MeasureType>weight</MeasureType>
        <value>78.9</value>
      </lifeStatus>
      <lifeStatus>
        <createdDate>2015/11/19</createdDate>
        <mid>2008</mid>
        <MeasureType>height</MeasureType>
        <value>172</value>
      </lifeStatus>
    </healthProfile>
    <firstname>Chuck</firstname>
  </person>
  <person>
    <birthdate>1944-12-31T23:00:00Z</birthdate>
    <idPerson>5454</idPerson>
    <lastname>Norris</lastname>
    <healthProfile>
      <lifeStatus>
        <createdDate>2015/11/20</createdDate>
        <mid>2055</mid>
        <MeasureType>weight</MeasureType>
        <value>78.9</value>
      </lifeStatus>
      <lifeStatus>
        <createdDate>2015/11/20</createdDate>
        <mid>2056</mid>
        <MeasureType>height</MeasureType>
        <value>172</value>
      </lifeStatus>
    </healthProfile>
    <firstname>Chuck</firstname>
  </person>
  <person>
    <birthdate>1944-12-31T23:00:00Z</birthdate>
    <idPerson>5455</idPerson>
    <lastname>Abilton</lastname>
    <healthProfile>
      <lifeStatus>
        <createdDate>2015/11/20</createdDate>
        <mid>2057</mid>
        <MeasureType>weight</MeasureType>
        <value>78.9</value>
      </lifeStatus>
      <lifeStatus>
        <createdDate>2015/11/20</createdDate>
        <mid>2058</mid>
        <MeasureType>height</MeasureType>
        <value>172</value>
      </lifeStatus>
    </healthProfile>
    <firstname>Comandante</firstname>
  </person>
  <person>
    <birthdate>1944-12-31T23:00:00Z</birthdate>
    <idPerson>5456</idPerson>
    <lastname>Abilton</lastname>
    <healthProfile>
      <lifeStatus>
        <createdDate>2015/11/20</createdDate>
        <mid>2059</mid>
        <MeasureType>weight</MeasureType>
        <value>78.9</value>
      </lifeStatus>
      <lifeStatus>
        <createdDate>2015/11/20</createdDate>
        <mid>2060</mid>
        <MeasureType>height</MeasureType>
        <value>172</value>
      </lifeStatus>
    </healthProfile>
    <firstname>Comandante</firstname>
  </person>
  <person>
    <birthdate>1944-12-31T23:00:00Z</birthdate>
    <idPerson>5457</idPerson>
    <lastname>Abilton</lastname>
    <healthProfile>
      <lifeStatus>
        <createdDate>2015/11/20</createdDate>
        <mid>2061</mid>
        <MeasureType>weight</MeasureType>
        <value>78.9</value>
      </lifeStatus>
      <lifeStatus>
        <createdDate>2015/11/20</createdDate>
        <mid>2062</mid>
        <MeasureType>height</MeasureType>
        <value>172</value>
      </lifeStatus>
    </healthProfile>
    <firstname>Comandante</firstname>
  </person>
  <person>
    <birthdate>1944-12-31T23:00:00Z</birthdate>
    <idPerson>5458</idPerson>
    <lastname>Abilton</lastname>
    <healthProfile>
      <lifeStatus>
        <createdDate>2015/11/20</createdDate>
        <mid>2063</mid>
        <MeasureType>weight</MeasureType>
        <value>78.9</value>
      </lifeStatus>
      <lifeStatus>
        <createdDate>2015/11/20</createdDate>
        <mid>2064</mid>
        <MeasureType>height</MeasureType>
        <value>172</value>
      </lifeStatus>
    </healthProfile>
    <firstname>Comandante</firstname>
  </person>
  <person>
    <birthdate>1944-12-31T23:00:00Z</birthdate>
    <idPerson>5459</idPerson>
    <lastname>Abilton</lastname>
    <healthProfile>
      <lifeStatus>
        <createdDate>2015/11/20</createdDate>
        <mid>2065</mid>
        <MeasureType>weight</MeasureType>
        <value>78.9</value>
      </lifeStatus>
      <lifeStatus>
        <createdDate>2015/11/20</createdDate>
        <mid>2066</mid>
        <MeasureType>height</MeasureType>
        <value>172</value>
      </lifeStatus>
    </healthProfile>
    <firstname>Comandante</firstname>
  </person>
  <person>
    <birthdate>1944-12-31T23:00:00Z</birthdate>
    <idPerson>5460</idPerson>
    <lastname>Abilton</lastname>
    <healthProfile>
      <lifeStatus>
        <createdDate>2015/11/20</createdDate>
        <mid>2067</mid>
        <MeasureType>weight</MeasureType>
        <value>78.9</value>
      </lifeStatus>
      <lifeStatus>
        <createdDate>2015/11/20</createdDate>
        <mid>2068</mid>
        <MeasureType>height</MeasureType>
        <value>172</value>
      </lifeStatus>
    </healthProfile>
    <firstname>Comandante</firstname>
  </person>
  <person>
    <birthdate>1944-12-31T23:00:00Z</birthdate>
    <idPerson>5461</idPerson>
    <lastname>Abilton</lastname>
    <healthProfile>
      <lifeStatus>
        <createdDate>2015/11/20</createdDate>
        <mid>2069</mid>
        <MeasureType>weight</MeasureType>
        <value>78.9</value>
      </lifeStatus>
      <lifeStatus>
        <createdDate>2015/11/20</createdDate>
        <mid>2070</mid>
        <MeasureType>height</MeasureType>
        <value>172</value>
      </lifeStatus>
    </healthProfile>
    <firstname>Comandante</firstname>
  </person>
  <person>
    <birthdate>1944-12-31T23:00:00Z</birthdate>
    <idPerson>5462</idPerson>
    <lastname>Abilton</lastname>
    <healthProfile>
      <lifeStatus>
        <createdDate>2015/11/20</createdDate>
        <mid>2071</mid>
        <MeasureType>weight</MeasureType>
        <value>78.9</value>
      </lifeStatus>
      <lifeStatus>
        <createdDate>2015/11/20</createdDate>
        <mid>2072</mid>
        <MeasureType>height</MeasureType>
        <value>172</value>
      </lifeStatus>
    </healthProfile>
    <firstname>Comandante</firstname>
  </person>
  <person>
    <birthdate>1944-12-31T23:00:00Z</birthdate>
    <idPerson>5463</idPerson>
    <lastname>Abilton</lastname>
    <healthProfile>
      <lifeStatus>
        <createdDate>2015/11/20</createdDate>
        <mid>2073</mid>
        <MeasureType>weight</MeasureType>
        <value>78.9</value>
      </lifeStatus>
      <lifeStatus>
        <createdDate>2015/11/20</createdDate>
        <mid>2074</mid>
        <MeasureType>height</MeasureType>
        <value>172</value>
      </lifeStatus>
    </healthProfile>
    <firstname>Comandante</firstname>
  </person>
  <person>
    <birthdate>1944-12-31T23:00:00Z</birthdate>
    <idPerson>5464</idPerson>
    <lastname>Abilton</lastname>
    <healthProfile>
      <lifeStatus>
        <createdDate>2015/11/20</createdDate>
        <mid>2075</mid>
        <MeasureType>weight</MeasureType>
        <value>78.9</value>
      </lifeStatus>
      <lifeStatus>
        <createdDate>2015/11/20</createdDate>
        <mid>2076</mid>
        <MeasureType>height</MeasureType>
        <value>172</value>
      </lifeStatus>
    </healthProfile>
    <firstname>Comandante</firstname>
  </person>
  <person>
    <birthdate>1944-12-31T23:00:00Z</birthdate>
    <idPerson>5465</idPerson>
    <lastname>Abilton</lastname>
    <healthProfile>
      <lifeStatus>
        <createdDate>2015/11/20</createdDate>
        <mid>2077</mid>
        <MeasureType>weight</MeasureType>
        <value>78.9</value>
      </lifeStatus>
      <lifeStatus>
        <createdDate>2015/11/20</createdDate>
        <mid>2078</mid>
        <MeasureType>height</MeasureType>
        <value>172</value>
      </lifeStatus>
    </healthProfile>
    <firstname>Comandante</firstname>
  </person>
  <person>
    <birthdate>1944-12-31T23:00:00Z</birthdate>
    <idPerson>5466</idPerson>
    <lastname>Abilton</lastname>
    <healthProfile>
      <lifeStatus>
        <createdDate>2015/11/20</createdDate>
        <mid>2079</mid>
        <MeasureType>weight</MeasureType>
        <value>78.9</value>
      </lifeStatus>
      <lifeStatus>
        <createdDate>2015/11/20</createdDate>
        <mid>2080</mid>
        <MeasureType>height</MeasureType>
        <value>172</value>
      </lifeStatus>
    </healthProfile>
    <firstname>Comandante</firstname>
  </person>
  <person>
    <birthdate>1944-12-31T23:00:00Z</birthdate>
    <idPerson>5467</idPerson>
    <lastname>Norris</lastname>
    <healthProfile>
      <lifeStatus>
        <createdDate>2015/11/20</createdDate>
        <mid>2081</mid>
        <MeasureType>weight</MeasureType>
        <value>78.9</value>
      </lifeStatus>
      <lifeStatus>
        <createdDate>2015/11/20</createdDate>
        <mid>2082</mid>
        <MeasureType>height</MeasureType>
        <value>172</value>
      </lifeStatus>
    </healthProfile>
    <firstname>Chuck</firstname>
  </person>
  <person>
    <birthdate>1944-12-31T23:00:00Z</birthdate>
    <idPerson>5468</idPerson>
    <lastname>Norris</lastname>
    <healthProfile>
      <lifeStatus>
        <createdDate>2015/11/20</createdDate>
        <mid>2083</mid>
        <MeasureType>weight</MeasureType>
        <value>78.9</value>
      </lifeStatus>
      <lifeStatus>
        <createdDate>2015/11/20</createdDate>
        <mid>2084</mid>
        <MeasureType>height</MeasureType>
        <value>172</value>
      </lifeStatus>
    </healthProfile>
    <firstname>Chuck</firstname>
  </person>
  <person>
    <birthdate>1944-12-31T23:00:00Z</birthdate>
    <idPerson>5469</idPerson>
    <lastname>Norris</lastname>
    <healthProfile>
      <lifeStatus>
        <createdDate>2015/11/20</createdDate>
        <mid>2085</mid>
        <MeasureType>weight</MeasureType>
        <value>78.9</value>
      </lifeStatus>
      <lifeStatus>
        <createdDate>2015/11/20</createdDate>
        <mid>2086</mid>
        <MeasureType>height</MeasureType>
        <value>172</value>
      </lifeStatus>
    </healthProfile>
    <firstname>Chuck</firstname>
  </person>
  <person>
    <birthdate>1944-12-31T23:00:00Z</birthdate>
    <idPerson>5470</idPerson>
    <lastname>Norris</lastname>
    <healthProfile>
      <lifeStatus>
        <createdDate>2015/11/20</createdDate>
        <mid>2087</mid>
        <MeasureType>weight</MeasureType>
        <value>78.9</value>
      </lifeStatus>
      <lifeStatus>
        <createdDate>2015/11/20</createdDate>
        <mid>2088</mid>
        <MeasureType>height</MeasureType>
        <value>172</value>
      </lifeStatus>
    </healthProfile>
    <firstname>Chuck</firstname>
  </person>
  <person>
    <birthdate>1944-12-31T23:00:00Z</birthdate>
    <idPerson>5604</idPerson>
    <lastname>Brightnson</lastname>
    <healthProfile/>
    <firstname>Johannes</firstname>
  </person>
  <person>
    <birthdate>1944-12-31T23:00:00Z</birthdate>
    <idPerson>5605</idPerson>
    <lastname>Brightnson</lastname>
    <healthProfile/>
    <firstname>Johannes</firstname>
  </person>
  <person>
    <birthdate>1944-12-31T23:00:00Z</birthdate>
    <idPerson>5654</idPerson>
    <lastname>Brightnson</lastname>
    <healthProfile/>
    <firstname>Johannes</firstname>
  </person>
  <person>
    <birthdate>1944-12-31T23:00:00Z</birthdate>
    <idPerson>5655</idPerson>
    <lastname>Brightnson</lastname>
    <healthProfile/>
    <firstname>Johannes</firstname>
  </person>
  <person>
    <birthdate>1944-12-31T23:00:00Z</birthdate>
    <idPerson>5656</idPerson>
    <lastname>Brightnson</lastname>
    <healthProfile/>
    <firstname>Johannes</firstname>
  </person>
  <person>
    <birthdate>1944-12-31T23:00:00Z</birthdate>
    <idPerson>5704</idPerson>
    <lastname>Brightnson</lastname>
    <healthProfile/>
    <firstname>Johannes</firstname>
  </person>
  <person>
    <birthdate>1944-12-31T23:00:00Z</birthdate>
    <idPerson>5754</idPerson>
    <lastname>Brightnson</lastname>
    <healthProfile/>
    <firstname>Johannes</firstname>
  </person>
  <person>
    <birthdate>1944-12-31T23:00:00Z</birthdate>
    <idPerson>5755</idPerson>
    <lastname>Brightnson</lastname>
    <healthProfile/>
    <firstname>Johannes</firstname>
  </person>
  <person>
    <birthdate>1944-12-31T23:00:00Z</birthdate>
    <idPerson>5756</idPerson>
    <lastname>Brightnson</lastname>
    <healthProfile/>
    <firstname>Johannes</firstname>
  </person>
  <person>
    <birthdate>1944-12-31T23:00:00Z</birthdate>
    <idPerson>5757</idPerson>
    <lastname>Brightnson</lastname>
    <healthProfile/>
    <firstname>Johannes</firstname>
  </person>
  <person>
    <birthdate>1944-12-31T23:00:00Z</birthdate>
    <idPerson>5758</idPerson>
    <lastname>Brightnson</lastname>
    <healthProfile/>
    <firstname>Johannes</firstname>
  </person>
  <person>
    <idPerson>5759</idPerson>
    <lastname>Stuart</lastname>
    <healthProfile/>
    <firstname>Johannes</firstname>
  </person>
  <person>
    <idPerson>5760</idPerson>
    <lastname>Stuart</lastname>
    <healthProfile/>
    <firstname>Johannes</firstname>
  </person>
  <person>
    <idPerson>5804</idPerson>
    <lastname>Stuart</lastname>
    <healthProfile/>
    <firstname>Johannes</firstname>
  </person>
  <person>
    <idPerson>5805</idPerson>
    <lastname>Stuart</lastname>
    <healthProfile/>
    <firstname>Johannes</firstname>
  </person>
  <person>
    <birthdate>1944-12-31T23:00:00Z</birthdate>
    <idPerson>5854</idPerson>
    <lastname>Norris</lastname>
    <healthProfile/>
    <firstname>Chuck</firstname>
  </person>
  <person>
    <birthdate>1944-12-31T23:00:00Z</birthdate>
    <idPerson>5855</idPerson>
    <lastname>Norris</lastname>
    <healthProfile/>
    <firstname>Chuck</firstname>
  </person>
  <person>
    <birthdate>1944-12-31T23:00:00Z</birthdate>
    <idPerson>5904</idPerson>
    <lastname>Norris</lastname>
    <healthProfile/>
    <firstname>Chuck</firstname>
  </person>
  <person>
    <birthdate>1944-12-31T23:00:00Z</birthdate>
    <idPerson>5954</idPerson>
    <lastname>Norris</lastname>
    <healthProfile/>
    <firstname>Chuck</firstname>
  </person>
  <person>
    <idPerson>5955</idPerson>
    <lastname>Stuart</lastname>
    <healthProfile/>
    <firstname>Johannes</firstname>
  </person>
  <person>
    <idPerson>6004</idPerson>
    <lastname>Stuart</lastname>
    <healthProfile/>
    <firstname>Johannes</firstname>
  </person>
  <person>
    <idPerson>6054</idPerson>
    <lastname>Stuart</lastname>
    <healthProfile/>
    <firstname>Johannes</firstname>
  </person>
  <person>
    <birthdate>1945-01-01T00:00:00Z</birthdate>
    <idPerson>6104</idPerson>
    <lastname>Norris</lastname>
    <healthProfile/>
    <firstname>Chuck</firstname>
  </person>
  <person>
    <birthdate>1945-01-01T00:00:00Z</birthdate>
    <idPerson>6105</idPerson>
    <lastname>Norris</lastname>
    <healthProfile/>
    <firstname>Chuck</firstname>
  </person>
  <person>
    <birthdate>1945-01-01T00:00:00Z</birthdate>
    <idPerson>6106</idPerson>
    <lastname>Norris</lastname>
    <healthProfile/>
    <firstname>Chuck</firstname>
  </person>
  <person>
    <birthdate>1945-01-01T00:00:00Z</birthdate>
    <idPerson>6107</idPerson>
    <lastname>Norris</lastname>
    <healthProfile/>
    <firstname>Chuck</firstname>
  </person>
  <person>
    <birthdate>1945-01-01T00:00:00Z</birthdate>
    <idPerson>6108</idPerson>
    <lastname>Norris</lastname>
    <healthProfile/>
    <firstname>Chuck</firstname>
  </person>
</people>


Request #9 GET /measureTypes Accept: APPLICATION/XML Content-Type: APPLICATION/XML 
=> Result: OK 
=> HTTP Status: 200

<?xml version="1.0" encoding="UTF-8"?><measureTypes>
  <measureType>weight</measureType>
  <measureType>height</measureType>
  <measureType>steps</measureType>
  <measureType>blood pressure</measureType>
  <measureType>heart rate</measureType>
  <measureType>bmi</measureType>
</measureTypes>


Request #6 GET /person/1/weight Accept: APPLICATION/XML Content-Type: APPLICATION/XML 
=> Result: OK 
=> HTTP Status: 200

<?xml version="1.0" encoding="UTF-8"?><lifeStatuses>
  <Measure>
    <mid>1</mid>
    <MeasureType>weight</MeasureType>
    <value>72.3</value>
  </Measure>
  <Measure>
    <mid>352</mid>
    <MeasureType>weight</MeasureType>
    <value>86</value>
  </Measure>
  <Measure>
    <mid>1752</mid>
    <MeasureType>weight</MeasureType>
    <value>72.3</value>
  </Measure>
  <Measure>
    <mid>1753</mid>
    <MeasureType>weight</MeasureType>
    <value>99</value>
  </Measure>
  <Measure>
    <createdDate>2015/11/17</createdDate>
    <mid>1755</mid>
    <MeasureType>weight</MeasureType>
    <value>99</value>
  </Measure>
  <Measure>
    <createdDate>2015/11/22</createdDate>
    <mid>2211</mid>
    <MeasureType>weight</MeasureType>
    <value>72.3</value>
  </Measure>
  <Measure>
    <createdDate>2015/11/22</createdDate>
    <mid>2214</mid>
    <MeasureType>weight</MeasureType>
    <value>72.3</value>
  </Measure>
  <Measure>
    <createdDate>2015/11/22</createdDate>
    <mid>2217</mid>
    <MeasureType>weight</MeasureType>
    <value>72.3</value>
  </Measure>
  <Measure>
    <createdDate>2015/11/22</createdDate>
    <mid>2285</mid>
    <MeasureType>weight</MeasureType>
    <value>72.3</value>
  </Measure>
  <Measure>
    <createdDate>2015/11/22</createdDate>
    <mid>2286</mid>
    <MeasureType>weight</MeasureType>
    <value>160</value>
  </Measure>
  <Measure>
    <createdDate>2015/11/22</createdDate>
    <mid>2289</mid>
    <MeasureType>weight</MeasureType>
    <value>72.3</value>
  </Measure>
  <Measure>
    <createdDate>2015/11/23</createdDate>
    <mid>2505</mid>
    <MeasureType>weight</MeasureType>
    <value>160</value>
  </Measure>
  <Measure>
    <createdDate>2015/11/23</createdDate>
    <mid>2506</mid>
    <MeasureType>weight</MeasureType>
    <value>72.3</value>
  </Measure>
  <Measure>
    <createdDate>2015/11/23</createdDate>
    <mid>2507</mid>
    <MeasureType>weight</MeasureType>
    <value>160</value>
  </Measure>
  <Measure>
    <createdDate>2015/11/23</createdDate>
    <mid>2508</mid>
    <MeasureType>weight</MeasureType>
    <value>72.3</value>
  </Measure>
  <Measure>
    <createdDate>2015/11/23</createdDate>
    <mid>2509</mid>
    <MeasureType>weight</MeasureType>
    <value>72.3</value>
  </Measure>
  <Measure>
    <createdDate>2015/11/23</createdDate>
    <mid>2510</mid>
    <MeasureType>weight</MeasureType>
    <value>160</value>
  </Measure>
  <Measure>
    <createdDate>2015/11/23</createdDate>
    <mid>2511</mid>
    <MeasureType>weight</MeasureType>
    <value>72.3</value>
  </Measure>
</lifeStatuses>


Request #6 GET /person/6108/weight Accept: APPLICATION/XML Content-Type: APPLICATION/XML 
=> Result: ERROR 
=> HTTP Status: 200

<?xml version="1.0" encoding="UTF-8"?><lifeStatuses/>


Request #6 GET /person/1/height Accept: APPLICATION/XML Content-Type: APPLICATION/XML 
=> Result: OK 
=> HTTP Status: 200

<?xml version="1.0" encoding="UTF-8"?><lifeStatuses>
  <Measure>
    <mid>1754</mid>
    <MeasureType>height</MeasureType>
    <value>160</value>
  </Measure>
</lifeStatuses>


Request #6 GET /person/6108/height Accept: APPLICATION/XML Content-Type: APPLICATION/XML 
=> Result: ERROR 
=> HTTP Status: 200

<?xml version="1.0" encoding="UTF-8"?><lifeStatuses/>


Request #6 GET /person/1/steps Accept: APPLICATION/XML Content-Type: APPLICATION/XML 
=> Result: ERROR 
=> HTTP Status: 200

<?xml version="1.0" encoding="UTF-8"?><lifeStatuses/>


Request #6 GET /person/6108/steps Accept: APPLICATION/XML Content-Type: APPLICATION/XML 
=> Result: ERROR 
=> HTTP Status: 200

<?xml version="1.0" encoding="UTF-8"?><lifeStatuses/>


Request #6 GET /person/1/blood pressure Accept: APPLICATION/XML Content-Type: APPLICATION/XML 
=> Result: ERROR 
=> HTTP Status: 200

<?xml version="1.0" encoding="UTF-8"?><lifeStatuses/>


Request #6 GET /person/6108/blood pressure Accept: APPLICATION/XML Content-Type: APPLICATION/XML 
=> Result: ERROR 
=> HTTP Status: 200

<?xml version="1.0" encoding="UTF-8"?><lifeStatuses/>


Request #6 GET /person/1/heart rate Accept: APPLICATION/XML Content-Type: APPLICATION/XML 
=> Result: ERROR 
=> HTTP Status: 200

<?xml version="1.0" encoding="UTF-8"?><lifeStatuses/>


Request #6 GET /person/6108/heart rate Accept: APPLICATION/XML Content-Type: APPLICATION/XML 
=> Result: ERROR 
=> HTTP Status: 200

<?xml version="1.0" encoding="UTF-8"?><lifeStatuses/>


Request #6 GET /person/1/bmi Accept: APPLICATION/XML Content-Type: APPLICATION/XML 
=> Result: ERROR 
=> HTTP Status: 200

<?xml version="1.0" encoding="UTF-8"?><lifeStatuses/>


Request #6 GET /person/6108/bmi Accept: APPLICATION/XML Content-Type: APPLICATION/XML 
=> Result: ERROR 
=> HTTP Status: 200

<?xml version="1.0" encoding="UTF-8"?><lifeStatuses/>


Request #7 GET /person/1/weight/1 Accept: APPLICATION/XML Content-Type: APPLICATION/XML 
=> Result: OK 
=> HTTP Status: 200

<?xml version="1.0" encoding="UTF-8"?><Measure>
  <mid>1</mid>
  <MeasureType>weight</MeasureType>
  <value>72.3</value>
</Measure>


Request #8 POST /person/1/weight Accept: APPLICATION/XML Content-Type: APPLICATION/XML 
=> Result: ERROR 
=> HTTP Status: 200

<?xml version="1.0" encoding="UTF-8"?><Measure>
  <createdDate>2015/11/23</createdDate>
  <mid>2513</mid>
  <MeasureType>weight</MeasureType>
  <value>72.3</value>
</Measure>


